<?xml version="1.0" encoding="UTF-8"?>
<!-- Generated by org.testng.reporters.JUnitReportReporter -->
<testsuite hostname="DESKTOP-RA01EM1" failures="0" tests="1" name="TestCases.veifyAccServices" time="105.297" errors="0" timestamp="2023-06-29T16:32:11 IST" skipped="0">
  <testcase classname="TestCases.veifyAccServices" name="Login" time="105.297"/>
  <system-out/>
</testsuite> <!-- TestCases.veifyAccServices -->
