<?xml version="1.0" encoding="UTF-8"?>
<!-- Generated by org.testng.reporters.JUnitReportReporter -->
<testsuite hostname="DESKTOP-RA01EM1" failures="0" tests="1" name="TestCases.VerifyLogIn" time="8.260" errors="0" timestamp="2023-06-29T11:03:34 IST" skipped="0">
  <testcase classname="TestCases.VerifyLogIn" name="Login" time="8.260"/>
  <system-out/>
</testsuite> <!-- TestCases.VerifyLogIn -->
